<?xml version="1.0" encoding="UTF-8"?>
<!-- Generated by org.testng.reporters.JUnitReportReporter -->
<testsuite hostname="LAPTOP-PF3BCJ59" failures="0" tests="2" name="mytest.Program1" time="17.092" errors="0" timestamp="2023-07-27T20:32:53 BDT" skipped="0">
  <testcase classname="mytest.Program1" name="verifyLogo" time="10.222"/>
  <testcase classname="mytest.Program1" name="verifyTitle" time="6.870"/>
</testsuite> <!-- mytest.Program1 -->
